Sun Oct 20 22:28:58 UTC 2013
Sun Oct 20 22:28:58 UTC 2013
Platform == Linux
database_root_path = /home/azureuser/BLAST/blastdb
inputncbi
414 bytes at http://blastfileseu.blob.core.windows.net/inputncbi/input_1
470 bytes at http://blastfileseu.blob.core.windows.net/inputncbi/input_10
235 bytes at http://blastfileseu.blob.core.windows.net/inputncbi/input_100
322 bytes at http://blastfileseu.blob.core.windows.net/inputncbi/input_101
345 bytes at http://blastfileseu.blob.core.windows.net/inputncbi/input_102
326 bytes at http://blastfileseu.blob.core.windows.net/inputncbi/input_103
303 bytes at http://blastfileseu.blob.core.windows.net/inputncbi/input_104
305 bytes at http://blastfileseu.blob.core.windows.net/inputncbi/input_105
212 bytes at http://blastfileseu.blob.core.windows.net/inputncbi/input_106
343 bytes at http://blastfileseu.blob.core.windows.net/inputncbi/input_107
352 bytes at http://blastfileseu.blob.core.windows.net/inputncbi/input_108
551 bytes at http://blastfileseu.blob.core.windows.net/inputncbi/input_109
479 bytes at http://blastfileseu.blob.core.windows.net/inputncbi/input_11
398 bytes at http://blastfileseu.blob.core.windows.net/inputncbi/input_110
286 bytes at http://blastfileseu.blob.core.windows.net/inputncbi/input_111
338 bytes at http://blastfileseu.blob.core.windows.net/inputncbi/input_112
342 bytes at http://blastfileseu.blob.core.windows.net/inputncbi/input_113
437 bytes at http://blastfileseu.blob.core.windows.net/inputncbi/input_114
325 bytes at http://blastfileseu.blob.core.windows.net/inputncbi/input_115
505 bytes at http://blastfileseu.blob.core.windows.net/inputncbi/input_116
206 bytes at http://blastfileseu.blob.core.windows.net/inputncbi/input_117
391 bytes at http://blastfileseu.blob.core.windows.net/inputncbi/input_118
254 bytes at http://blastfileseu.blob.core.windows.net/inputncbi/input_119
324 bytes at http://blastfileseu.blob.core.windows.net/inputncbi/input_12
418 bytes at http://blastfileseu.blob.core.windows.net/inputncbi/input_120
436 bytes at http://blastfileseu.blob.core.windows.net/inputncbi/input_121
297 bytes at http://blastfileseu.blob.core.windows.net/inputncbi/input_122
365 bytes at http://blastfileseu.blob.core.windows.net/inputncbi/input_123
376 bytes at http://blastfileseu.blob.core.windows.net/inputncbi/input_124
346 bytes at http://blastfileseu.blob.core.windows.net/inputncbi/input_125
431 bytes at http://blastfileseu.blob.core.windows.net/inputncbi/input_126
311 bytes at http://blastfileseu.blob.core.windows.net/inputncbi/input_127
354 bytes at http://blastfileseu.blob.core.windows.net/inputncbi/input_128
294 bytes at http://blastfileseu.blob.core.windows.net/inputncbi/input_129
151 bytes at http://blastfileseu.blob.core.windows.net/inputncbi/input_13
243 bytes at http://blastfileseu.blob.core.windows.net/inputncbi/input_130
398 bytes at http://blastfileseu.blob.core.windows.net/inputncbi/input_131
231 bytes at http://blastfileseu.blob.core.windows.net/inputncbi/input_132
168 bytes at http://blastfileseu.blob.core.windows.net/inputncbi/input_133
346 bytes at http://blastfileseu.blob.core.windows.net/inputncbi/input_134
254 bytes at http://blastfileseu.blob.core.windows.net/inputncbi/input_135
347 bytes at http://blastfileseu.blob.core.windows.net/inputncbi/input_136
304 bytes at http://blastfileseu.blob.core.windows.net/inputncbi/input_137
327 bytes at http://blastfileseu.blob.core.windows.net/inputncbi/input_138
428 bytes at http://blastfileseu.blob.core.windows.net/inputncbi/input_139
224 bytes at http://blastfileseu.blob.core.windows.net/inputncbi/input_14
249 bytes at http://blastfileseu.blob.core.windows.net/inputncbi/input_140
430 bytes at http://blastfileseu.blob.core.windows.net/inputncbi/input_141
293 bytes at http://blastfileseu.blob.core.windows.net/inputncbi/input_142
328 bytes at http://blastfileseu.blob.core.windows.net/inputncbi/input_143
273 bytes at http://blastfileseu.blob.core.windows.net/inputncbi/input_144
313 bytes at http://blastfileseu.blob.core.windows.net/inputncbi/input_145
175 bytes at http://blastfileseu.blob.core.windows.net/inputncbi/input_146
237 bytes at http://blastfileseu.blob.core.windows.net/inputncbi/input_147
396 bytes at http://blastfileseu.blob.core.windows.net/inputncbi/input_148
363 bytes at http://blastfileseu.blob.core.windows.net/inputncbi/input_149
321 bytes at http://blastfileseu.blob.core.windows.net/inputncbi/input_15
342 bytes at http://blastfileseu.blob.core.windows.net/inputncbi/input_150
404 bytes at http://blastfileseu.blob.core.windows.net/inputncbi/input_151
259 bytes at http://blastfileseu.blob.core.windows.net/inputncbi/input_152
381 bytes at http://blastfileseu.blob.core.windows.net/inputncbi/input_153
232 bytes at http://blastfileseu.blob.core.windows.net/inputncbi/input_154
321 bytes at http://blastfileseu.blob.core.windows.net/inputncbi/input_155
314 bytes at http://blastfileseu.blob.core.windows.net/inputncbi/input_156
284 bytes at http://blastfileseu.blob.core.windows.net/inputncbi/input_157
258 bytes at http://blastfileseu.blob.core.windows.net/inputncbi/input_158
384 bytes at http://blastfileseu.blob.core.windows.net/inputncbi/input_159
295 bytes at http://blastfileseu.blob.core.windows.net/inputncbi/input_16
298 bytes at http://blastfileseu.blob.core.windows.net/inputncbi/input_160
391 bytes at http://blastfileseu.blob.core.windows.net/inputncbi/input_161
302 bytes at http://blastfileseu.blob.core.windows.net/inputncbi/input_162
410 bytes at http://blastfileseu.blob.core.windows.net/inputncbi/input_163
506 bytes at http://blastfileseu.blob.core.windows.net/inputncbi/input_164
408 bytes at http://blastfileseu.blob.core.windows.net/inputncbi/input_165
402 bytes at http://blastfileseu.blob.core.windows.net/inputncbi/input_166
355 bytes at http://blastfileseu.blob.core.windows.net/inputncbi/input_167
358 bytes at http://blastfileseu.blob.core.windows.net/inputncbi/input_168
360 bytes at http://blastfileseu.blob.core.windows.net/inputncbi/input_169
385 bytes at http://blastfileseu.blob.core.windows.net/inputncbi/input_17
404 bytes at http://blastfileseu.blob.core.windows.net/inputncbi/input_170
329 bytes at http://blastfileseu.blob.core.windows.net/inputncbi/input_171
311 bytes at http://blastfileseu.blob.core.windows.net/inputncbi/input_172
311 bytes at http://blastfileseu.blob.core.windows.net/inputncbi/input_173
346 bytes at http://blastfileseu.blob.core.windows.net/inputncbi/input_174
202 bytes at http://blastfileseu.blob.core.windows.net/inputncbi/input_175
388 bytes at http://blastfileseu.blob.core.windows.net/inputncbi/input_176
211 bytes at http://blastfileseu.blob.core.windows.net/inputncbi/input_177
323 bytes at http://blastfileseu.blob.core.windows.net/inputncbi/input_178
371 bytes at http://blastfileseu.blob.core.windows.net/inputncbi/input_179
313 bytes at http://blastfileseu.blob.core.windows.net/inputncbi/input_18
237 bytes at http://blastfileseu.blob.core.windows.net/inputncbi/input_180
232 bytes at http://blastfileseu.blob.core.windows.net/inputncbi/input_181
483 bytes at http://blastfileseu.blob.core.windows.net/inputncbi/input_182
242 bytes at http://blastfileseu.blob.core.windows.net/inputncbi/input_183
260 bytes at http://blastfileseu.blob.core.windows.net/inputncbi/input_184
287 bytes at http://blastfileseu.blob.core.windows.net/inputncbi/input_185
294 bytes at http://blastfileseu.blob.core.windows.net/inputncbi/input_186
288 bytes at http://blastfileseu.blob.core.windows.net/inputncbi/input_187
295 bytes at http://blastfileseu.blob.core.windows.net/inputncbi/input_188
312 bytes at http://blastfileseu.blob.core.windows.net/inputncbi/input_189
298 bytes at http://blastfileseu.blob.core.windows.net/inputncbi/input_19
175 bytes at http://blastfileseu.blob.core.windows.net/inputncbi/input_190
333 bytes at http://blastfileseu.blob.core.windows.net/inputncbi/input_191
198 bytes at http://blastfileseu.blob.core.windows.net/inputncbi/input_192
331 bytes at http://blastfileseu.blob.core.windows.net/inputncbi/input_193
442 bytes at http://blastfileseu.blob.core.windows.net/inputncbi/input_194
199 bytes at http://blastfileseu.blob.core.windows.net/inputncbi/input_195
274 bytes at http://blastfileseu.blob.core.windows.net/inputncbi/input_196
280 bytes at http://blastfileseu.blob.core.windows.net/inputncbi/input_197
275 bytes at http://blastfileseu.blob.core.windows.net/inputncbi/input_198
194 bytes at http://blastfileseu.blob.core.windows.net/inputncbi/input_199
460 bytes at http://blastfileseu.blob.core.windows.net/inputncbi/input_2
277 bytes at http://blastfileseu.blob.core.windows.net/inputncbi/input_20
288 bytes at http://blastfileseu.blob.core.windows.net/inputncbi/input_200
354 bytes at http://blastfileseu.blob.core.windows.net/inputncbi/input_21
402 bytes at http://blastfileseu.blob.core.windows.net/inputncbi/input_22
398 bytes at http://blastfileseu.blob.core.windows.net/inputncbi/input_23
290 bytes at http://blastfileseu.blob.core.windows.net/inputncbi/input_24
365 bytes at http://blastfileseu.blob.core.windows.net/inputncbi/input_25
334 bytes at http://blastfileseu.blob.core.windows.net/inputncbi/input_26
330 bytes at http://blastfileseu.blob.core.windows.net/inputncbi/input_27
338 bytes at http://blastfileseu.blob.core.windows.net/inputncbi/input_28
257 bytes at http://blastfileseu.blob.core.windows.net/inputncbi/input_29
417 bytes at http://blastfileseu.blob.core.windows.net/inputncbi/input_3
417 bytes at http://blastfileseu.blob.core.windows.net/inputncbi/input_30
223 bytes at http://blastfileseu.blob.core.windows.net/inputncbi/input_31
349 bytes at http://blastfileseu.blob.core.windows.net/inputncbi/input_32
245 bytes at http://blastfileseu.blob.core.windows.net/inputncbi/input_33
279 bytes at http://blastfileseu.blob.core.windows.net/inputncbi/input_34
227 bytes at http://blastfileseu.blob.core.windows.net/inputncbi/input_35
216 bytes at http://blastfileseu.blob.core.windows.net/inputncbi/input_36
456 bytes at http://blastfileseu.blob.core.windows.net/inputncbi/input_37
389 bytes at http://blastfileseu.blob.core.windows.net/inputncbi/input_38
227 bytes at http://blastfileseu.blob.core.windows.net/inputncbi/input_39
482 bytes at http://blastfileseu.blob.core.windows.net/inputncbi/input_4
442 bytes at http://blastfileseu.blob.core.windows.net/inputncbi/input_40
391 bytes at http://blastfileseu.blob.core.windows.net/inputncbi/input_41
318 bytes at http://blastfileseu.blob.core.windows.net/inputncbi/input_42
454 bytes at http://blastfileseu.blob.core.windows.net/inputncbi/input_43
387 bytes at http://blastfileseu.blob.core.windows.net/inputncbi/input_44
310 bytes at http://blastfileseu.blob.core.windows.net/inputncbi/input_45
374 bytes at http://blastfileseu.blob.core.windows.net/inputncbi/input_46
301 bytes at http://blastfileseu.blob.core.windows.net/inputncbi/input_47
403 bytes at http://blastfileseu.blob.core.windows.net/inputncbi/input_48
226 bytes at http://blastfileseu.blob.core.windows.net/inputncbi/input_49
484 bytes at http://blastfileseu.blob.core.windows.net/inputncbi/input_5
238 bytes at http://blastfileseu.blob.core.windows.net/inputncbi/input_50
421 bytes at http://blastfileseu.blob.core.windows.net/inputncbi/input_51
283 bytes at http://blastfileseu.blob.core.windows.net/inputncbi/input_52
293 bytes at http://blastfileseu.blob.core.windows.net/inputncbi/input_53
456 bytes at http://blastfileseu.blob.core.windows.net/inputncbi/input_54
276 bytes at http://blastfileseu.blob.core.windows.net/inputncbi/input_55
379 bytes at http://blastfileseu.blob.core.windows.net/inputncbi/input_56
390 bytes at http://blastfileseu.blob.core.windows.net/inputncbi/input_57
416 bytes at http://blastfileseu.blob.core.windows.net/inputncbi/input_58
373 bytes at http://blastfileseu.blob.core.windows.net/inputncbi/input_59
470 bytes at http://blastfileseu.blob.core.windows.net/inputncbi/input_6
400 bytes at http://blastfileseu.blob.core.windows.net/inputncbi/input_60
288 bytes at http://blastfileseu.blob.core.windows.net/inputncbi/input_61
358 bytes at http://blastfileseu.blob.core.windows.net/inputncbi/input_62
278 bytes at http://blastfileseu.blob.core.windows.net/inputncbi/input_63
272 bytes at http://blastfileseu.blob.core.windows.net/inputncbi/input_64
277 bytes at http://blastfileseu.blob.core.windows.net/inputncbi/input_65
427 bytes at http://blastfileseu.blob.core.windows.net/inputncbi/input_66
373 bytes at http://blastfileseu.blob.core.windows.net/inputncbi/input_67
358 bytes at http://blastfileseu.blob.core.windows.net/inputncbi/input_68
319 bytes at http://blastfileseu.blob.core.windows.net/inputncbi/input_69
481 bytes at http://blastfileseu.blob.core.windows.net/inputncbi/input_7
281 bytes at http://blastfileseu.blob.core.windows.net/inputncbi/input_70
259 bytes at http://blastfileseu.blob.core.windows.net/inputncbi/input_71
214 bytes at http://blastfileseu.blob.core.windows.net/inputncbi/input_72
414 bytes at http://blastfileseu.blob.core.windows.net/inputncbi/input_73
258 bytes at http://blastfileseu.blob.core.windows.net/inputncbi/input_74
412 bytes at http://blastfileseu.blob.core.windows.net/inputncbi/input_75
442 bytes at http://blastfileseu.blob.core.windows.net/inputncbi/input_76
413 bytes at http://blastfileseu.blob.core.windows.net/inputncbi/input_77
293 bytes at http://blastfileseu.blob.core.windows.net/inputncbi/input_78
335 bytes at http://blastfileseu.blob.core.windows.net/inputncbi/input_79
451 bytes at http://blastfileseu.blob.core.windows.net/inputncbi/input_8
357 bytes at http://blastfileseu.blob.core.windows.net/inputncbi/input_80
348 bytes at http://blastfileseu.blob.core.windows.net/inputncbi/input_81
261 bytes at http://blastfileseu.blob.core.windows.net/inputncbi/input_82
505 bytes at http://blastfileseu.blob.core.windows.net/inputncbi/input_83
309 bytes at http://blastfileseu.blob.core.windows.net/inputncbi/input_84
422 bytes at http://blastfileseu.blob.core.windows.net/inputncbi/input_85
458 bytes at http://blastfileseu.blob.core.windows.net/inputncbi/input_86
295 bytes at http://blastfileseu.blob.core.windows.net/inputncbi/input_87
271 bytes at http://blastfileseu.blob.core.windows.net/inputncbi/input_88
237 bytes at http://blastfileseu.blob.core.windows.net/inputncbi/input_89
459 bytes at http://blastfileseu.blob.core.windows.net/inputncbi/input_9
421 bytes at http://blastfileseu.blob.core.windows.net/inputncbi/input_90
388 bytes at http://blastfileseu.blob.core.windows.net/inputncbi/input_91
541 bytes at http://blastfileseu.blob.core.windows.net/inputncbi/input_92
472 bytes at http://blastfileseu.blob.core.windows.net/inputncbi/input_93
387 bytes at http://blastfileseu.blob.core.windows.net/inputncbi/input_94
372 bytes at http://blastfileseu.blob.core.windows.net/inputncbi/input_95
463 bytes at http://blastfileseu.blob.core.windows.net/inputncbi/input_96
256 bytes at http://blastfileseu.blob.core.windows.net/inputncbi/input_97
353 bytes at http://blastfileseu.blob.core.windows.net/inputncbi/input_98
260 bytes at http://blastfileseu.blob.core.windows.net/inputncbi/input_99
ncbi
1179500836 bytes at http://blastfileseu.blob.core.windows.net/ncbi/est_human.00.nhr
84958148 bytes at http://blastfileseu.blob.core.windows.net/ncbi/est_human.00.nin
56638704 bytes at http://blastfileseu.blob.core.windows.net/ncbi/est_human.00.nnd
221292 bytes at http://blastfileseu.blob.core.windows.net/ncbi/est_human.00.nni
28319384 bytes at http://blastfileseu.blob.core.windows.net/ncbi/est_human.00.nog
118326716 bytes at http://blastfileseu.blob.core.windows.net/ncbi/est_human.00.nsd
2733895 bytes at http://blastfileseu.blob.core.windows.net/ncbi/est_human.00.nsi
999998747 bytes at http://blastfileseu.blob.core.windows.net/ncbi/est_human.00.nsq
268042328 bytes at http://blastfileseu.blob.core.windows.net/ncbi/est_human.01.nhr
19499588 bytes at http://blastfileseu.blob.core.windows.net/ncbi/est_human.01.nin
12999664 bytes at http://blastfileseu.blob.core.windows.net/ncbi/est_human.01.nnd
50828 bytes at http://blastfileseu.blob.core.windows.net/ncbi/est_human.01.nni
4938476 bytes at http://blastfileseu.blob.core.windows.net/ncbi/est_human.01.nog
56276268 bytes at http://blastfileseu.blob.core.windows.net/ncbi/est_human.01.nsd
1234824 bytes at http://blastfileseu.blob.core.windows.net/ncbi/est_human.01.nsi
170650706 bytes at http://blastfileseu.blob.core.windows.net/ncbi/est_human.01.nsq
144 bytes at http://blastfileseu.blob.core.windows.net/ncbi/est_human.nal
